<?xml version="1.0" encoding="UTF-8"?>
<testng-results ignored="0" total="3" passed="3" failed="0" skipped="0">
  <reporter-output>
  </reporter-output>
  <suite started-at="2023-03-15T00:31:10 IST" name="Suite" finished-at="2023-03-15T00:32:08 IST" duration-ms="57752">
    <groups>
    </groups>
    <test started-at="2023-03-15T00:31:10 IST" name="Test" finished-at="2023-03-15T00:32:08 IST" duration-ms="57752">
      <class name="qa.tests.TestClass_002_LoginSuccess">
        <test-method is-config="true" signature="setupDriver()[pri:0, instance:qa.tests.TestClass_002_LoginSuccess@25641d39]" started-at="2023-03-15T00:31:46 IST" name="setupDriver" finished-at="2023-03-15T00:31:56 IST" duration-ms="10415" status="PASS">
          <reporter-output>
          </reporter-output>
        </test-method> <!-- setupDriver -->
        <test-method signature="loginSuccess()[pri:0, instance:qa.tests.TestClass_002_LoginSuccess@25641d39]" started-at="2023-03-15T00:31:56 IST" name="loginSuccess" finished-at="2023-03-15T00:31:58 IST" duration-ms="1534" status="PASS">
          <reporter-output>
          </reporter-output>
        </test-method> <!-- loginSuccess -->
        <test-method is-config="true" signature="closeBrowser()[pri:0, instance:qa.tests.TestClass_002_LoginSuccess@25641d39]" started-at="2023-03-15T00:31:58 IST" name="closeBrowser" finished-at="2023-03-15T00:31:58 IST" duration-ms="70" status="PASS">
          <reporter-output>
          </reporter-output>
        </test-method> <!-- closeBrowser -->
      </class> <!-- qa.tests.TestClass_002_LoginSuccess -->
      <class name="qa.tests.TestCase_001_HomePageLoadedSuccess">
        <test-method is-config="true" signature="setupDriver()[pri:0, instance:qa.tests.TestCase_001_HomePageLoadedSuccess@201a4587]" started-at="2023-03-15T00:31:10 IST" name="setupDriver" finished-at="2023-03-15T00:31:42 IST" duration-ms="32123" status="PASS">
          <reporter-output>
          </reporter-output>
        </test-method> <!-- setupDriver -->
        <test-method signature="homePageLoadedSuccessfully()[pri:0, instance:qa.tests.TestCase_001_HomePageLoadedSuccess@201a4587]" started-at="2023-03-15T00:31:42 IST" name="homePageLoadedSuccessfully" finished-at="2023-03-15T00:31:44 IST" duration-ms="1920" status="PASS">
          <reporter-output>
          </reporter-output>
        </test-method> <!-- homePageLoadedSuccessfully -->
        <test-method is-config="true" signature="closeBrowser()[pri:0, instance:qa.tests.TestCase_001_HomePageLoadedSuccess@201a4587]" started-at="2023-03-15T00:31:44 IST" name="closeBrowser" finished-at="2023-03-15T00:31:46 IST" duration-ms="1449" status="PASS">
          <reporter-output>
          </reporter-output>
        </test-method> <!-- closeBrowser -->
      </class> <!-- qa.tests.TestCase_001_HomePageLoadedSuccess -->
      <class name="qa.tests.TestClass_003_InvalidLogin">
        <test-method is-config="true" signature="setupDriver()[pri:0, instance:qa.tests.TestClass_003_InvalidLogin@7b36aa0c]" started-at="2023-03-15T00:31:58 IST" name="setupDriver" finished-at="2023-03-15T00:32:07 IST" duration-ms="9511" status="PASS">
          <reporter-output>
          </reporter-output>
        </test-method> <!-- setupDriver -->
        <test-method signature="loginFail()[pri:0, instance:qa.tests.TestClass_003_InvalidLogin@7b36aa0c]" started-at="2023-03-15T00:32:07 IST" name="loginFail" finished-at="2023-03-15T00:32:08 IST" duration-ms="458" status="PASS">
          <reporter-output>
          </reporter-output>
        </test-method> <!-- loginFail -->
        <test-method is-config="true" signature="closeBrowser()[pri:0, instance:qa.tests.TestClass_003_InvalidLogin@7b36aa0c]" started-at="2023-03-15T00:32:08 IST" name="closeBrowser" finished-at="2023-03-15T00:32:08 IST" duration-ms="160" status="PASS">
          <reporter-output>
          </reporter-output>
        </test-method> <!-- closeBrowser -->
      </class> <!-- qa.tests.TestClass_003_InvalidLogin -->
    </test> <!-- Test -->
  </suite> <!-- Suite -->
</testng-results>
