<?xml version="1.0" encoding="UTF-8"?>
<testng-results ignored="0" total="3" passed="3" failed="0" skipped="0">
  <reporter-output>
  </reporter-output>
  <suite started-at="2023-03-19T22:17:40 IST" name="Suite" finished-at="2023-03-19T22:18:38 IST" duration-ms="57510">
    <groups>
    </groups>
    <test started-at="2023-03-19T22:17:40 IST" name="Test" finished-at="2023-03-19T22:18:38 IST" duration-ms="57510">
      <class name="qa.tests.TestClass_002_LoginSuccess">
        <test-method is-config="true" signature="setupDriver()[pri:0, instance:qa.tests.TestClass_002_LoginSuccess@76508ed1]" started-at="2023-03-19T22:18:06 IST" name="setupDriver" finished-at="2023-03-19T22:18:22 IST" duration-ms="16539" status="PASS">
          <reporter-output>
          </reporter-output>
        </test-method> <!-- setupDriver -->
        <test-method signature="loginSuccess()[pri:0, instance:qa.tests.TestClass_002_LoginSuccess@76508ed1]" started-at="2023-03-19T22:18:22 IST" name="loginSuccess" finished-at="2023-03-19T22:18:23 IST" duration-ms="475" status="PASS">
          <reporter-output>
          </reporter-output>
        </test-method> <!-- loginSuccess -->
        <test-method is-config="true" signature="closeBrowser()[pri:0, instance:qa.tests.TestClass_002_LoginSuccess@76508ed1]" started-at="2023-03-19T22:18:23 IST" name="closeBrowser" finished-at="2023-03-19T22:18:23 IST" duration-ms="129" status="PASS">
          <reporter-output>
          </reporter-output>
        </test-method> <!-- closeBrowser -->
      </class> <!-- qa.tests.TestClass_002_LoginSuccess -->
      <class name="qa.tests.TestCase_001_HomePageLoadedSuccess">
        <test-method is-config="true" signature="setupDriver()[pri:0, instance:qa.tests.TestCase_001_HomePageLoadedSuccess@5ae50ce6]" started-at="2023-03-19T22:17:40 IST" name="setupDriver" finished-at="2023-03-19T22:18:05 IST" duration-ms="24873" status="PASS">
          <reporter-output>
          </reporter-output>
        </test-method> <!-- setupDriver -->
        <test-method signature="homePageLoadedSuccessfully()[pri:0, instance:qa.tests.TestCase_001_HomePageLoadedSuccess@5ae50ce6]" started-at="2023-03-19T22:18:05 IST" name="homePageLoadedSuccessfully" finished-at="2023-03-19T22:18:05 IST" duration-ms="59" status="PASS">
          <reporter-output>
          </reporter-output>
        </test-method> <!-- homePageLoadedSuccessfully -->
        <test-method is-config="true" signature="closeBrowser()[pri:0, instance:qa.tests.TestCase_001_HomePageLoadedSuccess@5ae50ce6]" started-at="2023-03-19T22:18:05 IST" name="closeBrowser" finished-at="2023-03-19T22:18:06 IST" duration-ms="212" status="PASS">
          <reporter-output>
          </reporter-output>
        </test-method> <!-- closeBrowser -->
      </class> <!-- qa.tests.TestCase_001_HomePageLoadedSuccess -->
      <class name="qa.tests.TestClass_003_InvalidLogin">
        <test-method is-config="true" signature="setupDriver()[pri:0, instance:qa.tests.TestClass_003_InvalidLogin@41e36e46]" started-at="2023-03-19T22:18:23 IST" name="setupDriver" finished-at="2023-03-19T22:18:33 IST" duration-ms="10569" status="PASS">
          <reporter-output>
          </reporter-output>
        </test-method> <!-- setupDriver -->
        <test-method signature="loginFail()[pri:0, instance:qa.tests.TestClass_003_InvalidLogin@41e36e46]" started-at="2023-03-19T22:18:33 IST" name="loginFail" finished-at="2023-03-19T22:18:34 IST" duration-ms="516" status="PASS">
          <reporter-output>
          </reporter-output>
        </test-method> <!-- loginFail -->
        <test-method is-config="true" signature="closeBrowser()[pri:0, instance:qa.tests.TestClass_003_InvalidLogin@41e36e46]" started-at="2023-03-19T22:18:34 IST" name="closeBrowser" finished-at="2023-03-19T22:18:38 IST" duration-ms="4068" status="PASS">
          <reporter-output>
          </reporter-output>
        </test-method> <!-- closeBrowser -->
      </class> <!-- qa.tests.TestClass_003_InvalidLogin -->
    </test> <!-- Test -->
  </suite> <!-- Suite -->
</testng-results>
