<?xml version="1.0" encoding="UTF-8"?>
<!-- Generated by org.testng.reporters.JUnitXMLReporter -->
<testsuite ignored="0" hostname="Amy-PC" failures="0" tests="3" name="Test" time="57.752" errors="0" timestamp="2023-03-15T00:32:08 IST">
  <testcase classname="qa.tests.TestCase_001_HomePageLoadedSuccess" name="homePageLoadedSuccessfully" time="1.92"/>
  <testcase classname="qa.tests.TestClass_002_LoginSuccess" name="loginSuccess" time="1.534"/>
  <testcase classname="qa.tests.TestClass_003_InvalidLogin" name="loginFail" time="0.458"/>
</testsuite> <!-- Test -->
