<?xml version="1.0" encoding="UTF-8"?>
<!-- Generated by org.testng.reporters.JUnitXMLReporter -->
<testsuite ignored="0" hostname="Amy-PC" failures="0" tests="3" name="Test" time="20.425" errors="0" timestamp="2023-03-14T16:21:58 IST">
  <testcase classname="qa.tests.TestCase_001_HomePageLoadedSuccess" name="homePageLoadedSuccessfully" time="0.106"/>
  <testcase classname="qa.tests.TestClass_002_LoginSuccess" name="loginSuccess" time="0.549"/>
  <testcase classname="qa.tests.TestClass_003_InvalidLogin" name="loginFail" time="0.508"/>
</testsuite> <!-- Test -->
