<?xml version="1.0" encoding="UTF-8"?>
<!-- Generated by org.testng.reporters.JUnitXMLReporter -->
<testsuite hostname="Amy-PC" ignored="0" name="Test" tests="3" failures="0" timestamp="2023-03-15T03:26:04 IST" time="33.856" errors="0">
  <testcase name="homePageLoadedSuccessfully" time="0.112" classname="qa.tests.TestCase_001_HomePageLoadedSuccess"/>
  <testcase name="loginSuccess" time="0.556" classname="qa.tests.TestClass_002_LoginSuccess"/>
  <testcase name="loginFail" time="0.648" classname="qa.tests.TestClass_003_InvalidLogin"/>
</testsuite> <!-- Test -->
