<?xml version="1.0" encoding="UTF-8"?>
<testng-results ignored="0" total="1" passed="1" failed="0" skipped="0">
  <reporter-output>
  </reporter-output>
  <suite started-at="2023-03-18T21:30:57 IST" name="Default suite" finished-at="2023-03-18T21:30:59 IST" duration-ms="1365">
    <groups>
    </groups>
    <test started-at="2023-03-18T21:30:57 IST" name="Default test" finished-at="2023-03-18T21:30:59 IST" duration-ms="1365">
      <class name="utils.ReadDataFromExcel">
        <test-method signature="readExcel()[pri:0, instance:utils.ReadDataFromExcel@618425b5]" started-at="2023-03-18T21:30:57 IST" name="readExcel" finished-at="2023-03-18T21:30:59 IST" duration-ms="1303" status="PASS">
          <reporter-output>
          </reporter-output>
        </test-method> <!-- readExcel -->
      </class> <!-- utils.ReadDataFromExcel -->
    </test> <!-- Default test -->
  </suite> <!-- Default suite -->
</testng-results>
