<?xml version="1.0" encoding="UTF-8"?>
<testng-results ignored="0" total="1" passed="1" failed="0" skipped="0">
  <reporter-output>
  </reporter-output>
  <suite started-at="2023-03-15T00:47:18 IST" name="Default suite" finished-at="2023-03-15T00:47:33 IST" duration-ms="15148">
    <groups>
    </groups>
    <test started-at="2023-03-15T00:47:18 IST" name="Default test" finished-at="2023-03-15T00:47:33 IST" duration-ms="15148">
      <class name="qa.tests.TestClass_003_InvalidLogin">
        <test-method is-config="true" signature="setupDriver()[pri:0, instance:qa.tests.TestClass_003_InvalidLogin@20ccf40b]" started-at="2023-03-15T00:47:18 IST" name="setupDriver" finished-at="2023-03-15T00:47:32 IST" duration-ms="14325" status="PASS">
          <reporter-output>
          </reporter-output>
        </test-method> <!-- setupDriver -->
        <test-method signature="loginFail()[pri:0, instance:qa.tests.TestClass_003_InvalidLogin@20ccf40b]" started-at="2023-03-15T00:47:32 IST" name="loginFail" finished-at="2023-03-15T00:47:33 IST" duration-ms="636" status="PASS">
          <reporter-output>
          </reporter-output>
        </test-method> <!-- loginFail -->
        <test-method is-config="true" signature="closeBrowser()[pri:0, instance:qa.tests.TestClass_003_InvalidLogin@20ccf40b]" started-at="2023-03-15T00:47:33 IST" name="closeBrowser" finished-at="2023-03-15T00:47:33 IST" duration-ms="125" status="PASS">
          <reporter-output>
          </reporter-output>
        </test-method> <!-- closeBrowser -->
      </class> <!-- qa.tests.TestClass_003_InvalidLogin -->
    </test> <!-- Default test -->
  </suite> <!-- Default suite -->
</testng-results>
